ERROR 2019-12-14 01:34:17,158 root : ERROR: 
HTTPConnectionPool(host='localhost', port=8000): Max retries exceeded with url: /health (Caused by NewConnectionError('<urllib3.connection.HTTPConnection object at 0x7fc609cf1198>: Failed to establish a new connection: [Errno 111] Connection refused'))
ERROR 2019-12-14 01:48:54,006 root : ERROR: 
HTTPConnectionPool(host='localhost', port=8000): Max retries exceeded with url: /health (Caused by NewConnectionError('<urllib3.connection.HTTPConnection object at 0x7f9fdc7b6fd0>: Failed to establish a new connection: [Errno 111] Connection refused'))
ERROR 2019-12-14 01:49:00,016 root : ERROR: 
HTTPConnectionPool(host='localhost', port=8000): Max retries exceeded with url: /health (Caused by NewConnectionError('<urllib3.connection.HTTPConnection object at 0x7f9fdd705748>: Failed to establish a new connection: [Errno 111] Connection refused'))
ERROR 2019-12-14 01:49:06,027 root : ERROR: 
HTTPConnectionPool(host='localhost', port=8000): Max retries exceeded with url: /health (Caused by NewConnectionError('<urllib3.connection.HTTPConnection object at 0x7f9fdd705e10>: Failed to establish a new connection: [Errno 111] Connection refused'))
ERROR 2019-12-14 01:49:12,035 root : ERROR: 
HTTPConnectionPool(host='localhost', port=8000): Max retries exceeded with url: /health (Caused by NewConnectionError('<urllib3.connection.HTTPConnection object at 0x7f9fdd71a518>: Failed to establish a new connection: [Errno 111] Connection refused'))
ERROR 2019-12-14 01:50:57,958 root : ERROR: 
HTTPConnectionPool(host='localhost', port=8000): Max retries exceeded with url: /health (Caused by NewConnectionError('<urllib3.connection.HTTPConnection object at 0x7f36ef938fd0>: Failed to establish a new connection: [Errno 111] Connection refused'))
INFO 2019-12-14 01:51:58,077 root : Сервер доступний. Час на сервері: 2019-12%D
INFO 2019-12-14 01:51:58,077 root : Запитувана сторінка: : /health/
INFO 2019-12-14 01:51:58,077 root : Відповідь сервера місти наступні поля:
INFO 2019-12-14 01:51:58,077 root : Ключ: date, Значення: 2019-12%D
INFO 2019-12-14 01:51:58,077 root : Ключ: current_page, Значення: /health/
INFO 2019-12-14 01:51:58,077 root : Ключ: server_info, Значення: ['Linux', 'Orestino', '5.0.0-23-generic', '#24~18.04.1-Ubuntu SMP Mon Jul 29 16:12:28 UTC 2019', 'x86_64']
INFO 2019-12-14 01:51:58,077 root : Ключ: client_info, Значення: python-requests/2.22.0
INFO 2019-12-14 01:52:58,198 root : Сервер доступний. Час на сервері: 2019-12%D
INFO 2019-12-14 01:52:58,199 root : Запитувана сторінка: : /health/
INFO 2019-12-14 01:52:58,199 root : Відповідь сервера місти наступні поля:
INFO 2019-12-14 01:52:58,199 root : Ключ: date, Значення: 2019-12%D
INFO 2019-12-14 01:52:58,199 root : Ключ: current_page, Значення: /health/
INFO 2019-12-14 01:52:58,199 root : Ключ: server_info, Значення: ['Linux', 'Orestino', '5.0.0-23-generic', '#24~18.04.1-Ubuntu SMP Mon Jul 29 16:12:28 UTC 2019', 'x86_64']
INFO 2019-12-14 01:52:58,199 root : Ключ: client_info, Значення: python-requests/2.22.0
